<?xml version="1.0" encoding="UTF-8"?>
<testsuite name="JUnit Platform Suite" tests="4" skipped="0" failures="2" errors="0" time="0.045" hostname="sandro-runner" timestamp="2023-10-18T14:17:20">
<properties>
<property name="awt.toolkit" value="sun.awt.X11.XToolkit"/>
<property name="file.encoding" value="UTF-8"/>
<property name="file.separator" value="/"/>
<property name="java.awt.graphicsenv" value="sun.awt.X11GraphicsEnvironment"/>
<property name="java.awt.printerjob" value="sun.print.PSPrinterJob"/>
<property name="java.class.path" value="junit5.jar"/>
<property name="java.class.version" value="55.0"/>
<property name="java.home" value="/usr/lib/jvm/java-11-openjdk-amd64"/>
<property name="java.io.tmpdir" value="/tmp"/>
<property name="java.library.path" value="/usr/java/packages/lib:/usr/lib/x86_64-linux-gnu/jni:/lib/x86_64-linux-gnu:/usr/lib/x86_64-linux-gnu:/usr/lib/jni:/lib:/usr/lib"/>
<property name="java.runtime.name" value="OpenJDK Runtime Environment"/>
<property name="java.runtime.version" value="11.0.20+8-post-Debian-1deb11u1"/>
<property name="java.specification.maintenance.version" value="2"/>
<property name="java.specification.name" value="Java Platform API Specification"/>
<property name="java.specification.vendor" value="Oracle Corporation"/>
<property name="java.specification.version" value="11"/>
<property name="java.vendor" value="Debian"/>
<property name="java.vendor.url" value="https://tracker.debian.org/openjdk-11"/>
<property name="java.vendor.url.bug" value="https://bugs.debian.org/openjdk-11"/>
<property name="java.version" value="11.0.20"/>
<property name="java.version.date" value="2023-07-18"/>
<property name="java.vm.compressedOopsMode" value="Zero based"/>
<property name="java.vm.info" value="mixed mode, sharing"/>
<property name="java.vm.name" value="OpenJDK 64-Bit Server VM"/>
<property name="java.vm.specification.name" value="Java Virtual Machine Specification"/>
<property name="java.vm.specification.vendor" value="Oracle Corporation"/>
<property name="java.vm.specification.version" value="11"/>
<property name="java.vm.vendor" value="Debian"/>
<property name="java.vm.version" value="11.0.20+8-post-Debian-1deb11u1"/>
<property name="jdk.debug" value="release"/>
<property name="line.separator" value="
"/>
<property name="os.arch" value="amd64"/>
<property name="os.name" value="Linux"/>
<property name="os.version" value="5.10.0-25-cloud-amd64"/>
<property name="path.separator" value=":"/>
<property name="sun.arch.data.model" value="64"/>
<property name="sun.boot.library.path" value="/usr/lib/jvm/java-11-openjdk-amd64/lib"/>
<property name="sun.cpu.endian" value="little"/>
<property name="sun.cpu.isalist" value=""/>
<property name="sun.io.unicode.encoding" value="UnicodeLittle"/>
<property name="sun.java.command" value="junit5.jar execute -cp junit5.jar:. --reports-dir reports --select-class TestSuite"/>
<property name="sun.java.launcher" value="SUN_STANDARD"/>
<property name="sun.jnu.encoding" value="UTF-8"/>
<property name="sun.management.compiler" value="HotSpot 64-Bit Tiered Compilers"/>
<property name="sun.os.patch.level" value="unknown"/>
<property name="user.country" value="US"/>
<property name="user.dir" value="/data/test_submissions/Java/digital passwords/bug-report"/>
<property name="user.home" value="/home/sandro_codegrade_com"/>
<property name="user.language" value="en"/>
<property name="user.name" value="sandro_codegrade_com"/>
<property name="user.timezone" value="Etc/UTC"/>
</properties>
<testcase name="isValidByDefault()" classname="ValidTest" time="0">
<system-out><![CDATA[
unique-id: [engine:junit-platform-suite]/[suite:TestSuite]/[engine:junit-jupiter]/[class:ValidTest]/[method:isValidByDefault()]
display-name: Is a Passport valid by default?
]]></system-out>
</testcase>
<testcase name="createPassport()" classname="PassportTest" time="0.002">
<failure message="Test" type="org.opentest4j.AssertionFailedError"><![CDATA[org.opentest4j.AssertionFailedError: Test
	at org.junit.jupiter.api.AssertionUtils.fail(AssertionUtils.java:38)
	at org.junit.jupiter.api.Assertions.fail(Assertions.java:134)
	at PassportTest.createPassport(PassportTest.java:20)
	at java.base/java.lang.reflect.Method.invoke(Method.java:566)
	at java.base/java.util.ArrayList.forEach(ArrayList.java:1541)
	at java.base/java.util.ArrayList.forEach(ArrayList.java:1541)
]]></failure>
<system-out><![CDATA[
unique-id: [engine:junit-platform-suite]/[suite:TestSuite]/[engine:junit-jupiter]/[class:PassportTest]/[method:createPassport()]
display-name: Can a Passport be instantiated for CodeGrade, age 5 from The Netherlands?
]]></system-out>
</testcase>
<testcase name="isInvalidAfterMakingInvalid()" classname="ValidTest" time="0.01">
<system-out><![CDATA[
unique-id: [engine:junit-platform-suite]/[suite:TestSuite]/[engine:junit-jupiter]/[class:ValidTest]/[method:isInvalidAfterMakingInvalid()]
display-name: Is a Passport invalid after running makeInvalid() method?
]]></system-out>
</testcase>
<testcase name="createPassport2()" classname="PassportTest" time="0.004">
<failure message="Test" type="org.opentest4j.AssertionFailedError"><![CDATA[org.opentest4j.AssertionFailedError: Test
	at org.junit.jupiter.api.AssertionUtils.fail(AssertionUtils.java:38)
	at org.junit.jupiter.api.Assertions.fail(Assertions.java:134)
	at PassportTest.createPassport2(PassportTest.java:32)
	at java.base/java.lang.reflect.Method.invoke(Method.java:566)
	at java.base/java.util.ArrayList.forEach(ArrayList.java:1541)
	at java.base/java.util.ArrayList.forEach(ArrayList.java:1541)
]]></failure>
<system-out><![CDATA[
unique-id: [engine:junit-platform-suite]/[suite:TestSuite]/[engine:junit-jupiter]/[class:PassportTest]/[method:createPassport2()]
display-name: Can a Passport be instantiated for James Gosling, age 67 from Canada?
]]></system-out>
</testcase>
<system-out><![CDATA[
unique-id: [engine:junit-platform-suite]
display-name: JUnit Platform Suite
]]></system-out>
</testsuite>
