<?xml version="1.0" encoding="UTF-8"?>
<testsuite name="JUnit Platform Suite" tests="4" skipped="0" failures="2" errors="0" time="0.045" hostname="sandro-runner" timestamp="2023-10-18T14:17:20">
<properties>
[...]
</properties>
<testcase name="isValidByDefault()" classname="ValidTest" time="0">
<system-out><![CDATA[
unique-id: [engine:junit-platform-suite]/[suite:TestSuite]/[engine:junit-jupiter]/[class:ValidTest]/[method:isValidByDefault()]
display-name: Is a Passport valid by default?
]]></system-out>
</testcase>
<testcase name="createPassport()" classname="PassportTest" time="0.002">
<failure message="Test" type="org.opentest4j.AssertionFailedError"><![CDATA[org.opentest4j.AssertionFailedError: Test
	at org.junit.jupiter.api.AssertionUtils.fail(AssertionUtils.java:38)
	at org.junit.jupiter.api.Assertions.fail(Assertions.java:134)
	at PassportTest.createPassport(PassportTest.java:20)
	at java.base/java.lang.reflect.Method.invoke(Method.java:566)
	at java.base/java.util.ArrayList.forEach(ArrayList.java:1541)
	at java.base/java.util.ArrayList.forEach(ArrayList.java:1541)
]]></failure>
<system-out><![CDATA[
unique-id: [engine:junit-platform-suite]/[suite:TestSuite]/[engine:junit-jupiter]/[class:PassportTest]/[method:createPassport()]
display-name: Can a Passport be instantiated for CodeGrade, age 5 from The Netherlands?
]]></system-out>
</testcase>
<testcase name="isInvalidAfterMakingInvalid()" classname="ValidTest" time="0.01">
<system-out><![CDATA[
unique-id: [engine:junit-platform-suite]/[suite:TestSuite]/[engine:junit-jupiter]/[class:ValidTest]/[method:isInvalidAfterMakingInvalid()]
display-name: Is a Passport invalid after running makeInvalid() method?
]]></system-out>
</testcase>
<testcase name="createPassport2()" classname="PassportTest" time="0.004">
<failure message="Test" type="org.opentest4j.AssertionFailedError"><![CDATA[org.opentest4j.AssertionFailedError: Test
	at org.junit.jupiter.api.AssertionUtils.fail(AssertionUtils.java:38)
	at org.junit.jupiter.api.Assertions.fail(Assertions.java:134)
	at PassportTest.createPassport2(PassportTest.java:32)
	at java.base/java.lang.reflect.Method.invoke(Method.java:566)
	at java.base/java.util.ArrayList.forEach(ArrayList.java:1541)
	at java.base/java.util.ArrayList.forEach(ArrayList.java:1541)
]]></failure>
<system-out><![CDATA[
unique-id: [engine:junit-platform-suite]/[suite:TestSuite]/[engine:junit-jupiter]/[class:PassportTest]/[method:createPassport2()]
display-name: Can a Passport be instantiated for James Gosling, age 67 from Canada?
]]></system-out>
</testcase>
<system-out><![CDATA[
unique-id: [engine:junit-platform-suite]
display-name: JUnit Platform Suite
]]></system-out>
</testsuite>
